<?xml version="1.0" encoding="UTF-8"?>
<Site BuildName="PICO-ninja"
	BuildStamp="20240918-1857-Experimental"
	Name="andrew-Laptop-16-AMD-Ryzen-7040-Series"
	Generator="ctest-3.28.6"
	CompilerName="/home/andrew/.pico-sdk/toolchain/13_2_Rel1/bin/arm-none-eabi-gcc"
	CompilerVersion="13.2.1"
	OSName="Linux"
	Hostname="andrew-Laptop-16-AMD-Ryzen-7040-Series"
	OSRelease="6.8.0-44-generic"
	OSVersion="#44-Ubuntu SMP PREEMPT_DYNAMIC Tue Aug 13 13:35:26 UTC 2024"
	OSPlatform="x86_64"
	Is64Bits="1"
	VendorString="AuthenticAMD"
	VendorID="Advanced Micro Devices"
	FamilyID="25"
	ModelID="116"
	ProcessorCacheSize="1024"
	NumberOfLogicalCPU="16"
	NumberOfPhysicalCPU="8"
	TotalVirtualMemory="0"
	TotalPhysicalMemory="31394"
	LogicalProcessorsPerPhysical="2"
	ProcessorClockFrequency="2201.75"
	>
	<Testing>
		<StartDateTime>Sep 18 13:08 MDT</StartDateTime>
		<StartTestTime>1726686500</StartTestTime>
		<TestList/>
		<EndDateTime>Sep 18 13:08 MDT</EndDateTime>
		<EndTestTime>1726686500</EndTestTime>
		<ElapsedMinutes>0</ElapsedMinutes>
	</Testing>
</Site>
